<?xml version="1.0" encoding="UTF-8"?>
<!-- Generated by org.testng.reporters.JUnitXMLReporter -->
<testsuite ignored="0" hostname="che" failures="1" tests="15" name="Test in chrome" time="14.162" errors="0" timestamp="2025-01-18T11:42:03 IST">
  <testcase classname="testCases.Addition" name="AddZeroAndInt" time="0.456"/>
  <testcase classname="testCases.Addition" name="addFloatAndInt" time="0.454"/>
  <testcase classname="testCases.Addition" name="addMultipleNumbers" time="0.549"/>
  <testcase classname="testCases.Addition" name="verifyAddition" time="0.458">
    <failure type="java.lang.AssertionError" message="null">
      <![CDATA[java.lang.AssertionError: null
at testCases.Addition.verifyAddition(Addition.java:29)
at java.base/java.util.ArrayList.forEach(ArrayList.java:1541)
at java.base/java.util.concurrent.FutureTask.run(FutureTask.java:264)
at java.base/java.util.concurrent.ThreadPoolExecutor.runWorker(ThreadPoolExecutor.java:1128)
at java.base/java.util.concurrent.ThreadPoolExecutor$Worker.run(ThreadPoolExecutor.java:628)
at java.base/java.lang.Thread.run(Thread.java:829)
... Removed 19 stack frames]]>
    </failure>
  </testcase> <!-- verifyAddition -->
  <testcase classname="testCases.Subtraction" name="subtractDecimalAndInt" time="0.533"/>
  <testcase classname="testCases.Subtraction" name="subtractResultingInZero" time="0.543"/>
  <testcase classname="testCases.Subtraction" name="subtractionGettingNegativeResults" time="0.423"/>
  <testcase classname="testCases.Subtraction" name="verifySubtraction" time="0.288"/>
  <testcase classname="testCases.Multiplication" name="multiplicationOfDecimalAndInt" time="0.545"/>
  <testcase classname="testCases.Multiplication" name="multiplicationUsingZero" time="0.428"/>
  <testcase classname="testCases.Multiplication" name="verifyMultiplication" time="0.303"/>
  <testcase classname="testCases.Division" name="divisionOfzeroByInt" time="0.414"/>
  <testcase classname="testCases.Division" name="divisionUsingFlaot" time="0.587"/>
  <testcase classname="testCases.Division" name="divisionUsingInt" time="0.301"/>
  <testcase classname="testCases.Division" name="divisionUsingZero" time="0.418"/>
</testsuite> <!-- Test in chrome -->
